[ 2016-10-06T11:17:52+08:00 ] 127.0.0.1 /favicon.ico
INFO: [ app_init ] --START--
INFO: Run Behavior\BuildLiteBehavior [ RunTime:0.000000s ]
INFO: [ app_init ] --END-- [ RunTime:0.046003s ]
ERR: 无法加载模块:Favicon

[ 2016-10-06T11:18:34+08:00 ] 127.0.0.1 /Template/pc/soubao/Static/images/logo3.png
INFO: [ app_init ] --START--
INFO: Run Behavior\BuildLiteBehavior [ RunTime:0.001000s ]
INFO: [ app_init ] --END-- [ RunTime:0.001000s ]
ERR: 无法加载模块:Template

[ 2016-10-06T11:18:34+08:00 ] 127.0.0.1 /Template/pc/soubao/Static/images/csmrsfbluaoaejs7aacni7xvdgs548.jpg
INFO: [ app_init ] --START--
INFO: Run Behavior\BuildLiteBehavior [ RunTime:0.000000s ]
INFO: [ app_init ] --END-- [ RunTime:0.002000s ]
ERR: 无法加载模块:Template

[ 2016-10-06T11:20:00+08:00 ] 127.0.0.1 /Template/pc/soubao/Static/images/csmrsfbluaoaejs7aacni7xvdgs548.jpg
INFO: [ app_init ] --START--
INFO: Run Behavior\BuildLiteBehavior [ RunTime:0.000000s ]
INFO: [ app_init ] --END-- [ RunTime:0.001000s ]
ERR: 无法加载模块:Template

[ 2016-10-06T11:20:00+08:00 ] 127.0.0.1 /Template/pc/soubao/Static/images/logo3.png
INFO: [ app_init ] --START--
INFO: Run Behavior\BuildLiteBehavior [ RunTime:0.000000s ]
INFO: [ app_init ] --END-- [ RunTime:0.001000s ]
ERR: 无法加载模块:Template

